-------------------------------------------------------------------------------
Test set: sakancom.AcceptanceTest
-------------------------------------------------------------------------------
Tests run: 6, Failures: 0, Errors: 6, Skipped: 0, Time elapsed: 0.655 s <<< FAILURE! - in sakancom.AcceptanceTest
Announcing private residences by owner.add new housing  Time elapsed: 0.113 s  <<< ERROR!
io.cucumber.junit.UndefinedStepException: 
The step 'I have a housing from the owner and it has many information about it.' and 1 other step(s) are undefined.
You can implement these steps using the snippet(s) below:

@Given("I have a housing from the owner and it has many information about it.")
public void iHaveAHousingFromTheOwnerAndItHasManyInformationAboutIt() {
    // Write code here that turns the phrase above into concrete actions
    throw new io.cucumber.java.PendingException();
}
@Then("the housing should be added in the system .")
public void theHousingShouldBeAddedInTheSystem() {
    // Write code here that turns the phrase above into concrete actions
    throw new io.cucumber.java.PendingException();
}


Announcing private residences by owner.add an existing housing  Time elapsed: 0.007 s  <<< ERROR!
io.cucumber.junit.UndefinedStepException: 
The step 'I have a housing from the owner and it has many information about it.' and 1 other step(s) are undefined.
You can implement these steps using the snippet(s) below:

@Given("I have a housing from the owner and it has many information about it.")
public void iHaveAHousingFromTheOwnerAndItHasManyInformationAboutIt() {
    // Write code here that turns the phrase above into concrete actions
    throw new io.cucumber.java.PendingException();
}
@Then("the housing should not be added in the system , because it is already exist.")
public void theHousingShouldNotBeAddedInTheSystemBecauseItIsAlreadyExist() {
    // Write code here that turns the phrase above into concrete actions
    throw new io.cucumber.java.PendingException();
}


Login.Decid what the role from the username #1  Time elapsed: 0.011 s  <<< ERROR!
io.cucumber.junit.UndefinedStepException: 
The step 'I have following Username and Password in this Sakan' and 2 other step(s) are undefined.
You can implement these steps using the snippet(s) below:

@Given("I have following Username and Password in this Sakan")
public void iHaveFollowingUsernameAndPasswordInThisSakan(io.cucumber.datatable.DataTable dataTable) {
    // Write code here that turns the phrase above into concrete actions
    // For automatic transformation, change DataTable to one of
    // E, List<E>, List<List<E>>, List<Map<K,V>>, Map<K,V> or
    // Map<K, List<V>>. E,K,V must be a String, Integer, Float,
    // Double, Byte, Short, Long, BigInteger or BigDecimal.
    //
    // For other transformations you can register a DataTableType.
    throw new io.cucumber.java.PendingException();
}
@When("The username begin with \\(owner) word")
public void theUsernameBeginWithOwnerWord() {
    // Write code here that turns the phrase above into concrete actions
    throw new io.cucumber.java.PendingException();
}
@Then("i can log in the system as an owner and The owner menu will appear")
public void iCanLogInTheSystemAsAnOwnerAndTheOwnerMenuWillAppear() {
    // Write code here that turns the phrase above into concrete actions
    throw new io.cucumber.java.PendingException();
}


Login.Decid what the role from the username #2  Time elapsed: 0.007 s  <<< ERROR!
io.cucumber.junit.UndefinedStepException: 
The step 'I have following Username and Password in this Sakan' and 2 other step(s) are undefined.
You can implement these steps using the snippet(s) below:

@Given("I have following Username and Password in this Sakan")
public void iHaveFollowingUsernameAndPasswordInThisSakan(io.cucumber.datatable.DataTable dataTable) {
    // Write code here that turns the phrase above into concrete actions
    // For automatic transformation, change DataTable to one of
    // E, List<E>, List<List<E>>, List<Map<K,V>>, Map<K,V> or
    // Map<K, List<V>>. E,K,V must be a String, Integer, Float,
    // Double, Byte, Short, Long, BigInteger or BigDecimal.
    //
    // For other transformations you can register a DataTableType.
    throw new io.cucumber.java.PendingException();
}
@When("The username begin with \\(admin) word")
public void theUsernameBeginWithAdminWord() {
    // Write code here that turns the phrase above into concrete actions
    throw new io.cucumber.java.PendingException();
}
@Then("i can log in the system as an admin and The admin menu will appear")
public void iCanLogInTheSystemAsAnAdminAndTheAdminMenuWillAppear() {
    // Write code here that turns the phrase above into concrete actions
    throw new io.cucumber.java.PendingException();
}


Login.Decid what the role from the username #3  Time elapsed: 0.006 s  <<< ERROR!
io.cucumber.junit.UndefinedStepException: 
The step 'I have following Username and Password in this Sakan' and 2 other step(s) are undefined.
You can implement these steps using the snippet(s) below:

@Given("I have following Username and Password in this Sakan")
public void iHaveFollowingUsernameAndPasswordInThisSakan(io.cucumber.datatable.DataTable dataTable) {
    // Write code here that turns the phrase above into concrete actions
    // For automatic transformation, change DataTable to one of
    // E, List<E>, List<List<E>>, List<Map<K,V>>, Map<K,V> or
    // Map<K, List<V>>. E,K,V must be a String, Integer, Float,
    // Double, Byte, Short, Long, BigInteger or BigDecimal.
    //
    // For other transformations you can register a DataTableType.
    throw new io.cucumber.java.PendingException();
}
@When("The username begin with \\(tenant) word")
public void theUsernameBeginWithTenantWord() {
    // Write code here that turns the phrase above into concrete actions
    throw new io.cucumber.java.PendingException();
}
@Then("i can log in the system as an tenant and The tenant menu will appear")
public void iCanLogInTheSystemAsAnTenantAndTheTenantMenuWillAppear() {
    // Write code here that turns the phrase above into concrete actions
    throw new io.cucumber.java.PendingException();
}


Login.Decid what the role from the username #4  Time elapsed: 0.005 s  <<< ERROR!
io.cucumber.junit.UndefinedStepException: 
The step 'I have following Username and Password in this Sakan' and 2 other step(s) are undefined.
You can implement these steps using the snippet(s) below:

@Given("I have following Username and Password in this Sakan")
public void iHaveFollowingUsernameAndPasswordInThisSakan(io.cucumber.datatable.DataTable dataTable) {
    // Write code here that turns the phrase above into concrete actions
    // For automatic transformation, change DataTable to one of
    // E, List<E>, List<List<E>>, List<Map<K,V>>, Map<K,V> or
    // Map<K, List<V>>. E,K,V must be a String, Integer, Float,
    // Double, Byte, Short, Long, BigInteger or BigDecimal.
    //
    // For other transformations you can register a DataTableType.
    throw new io.cucumber.java.PendingException();
}
@When("the user is not signed up")
public void theUserIsNotSignedUp() {
    // Write code here that turns the phrase above into concrete actions
    throw new io.cucumber.java.PendingException();
}
@Then("then no menu will appear")
public void thenNoMenuWillAppear() {
    // Write code here that turns the phrase above into concrete actions
    throw new io.cucumber.java.PendingException();
}


