<?xml version="1.0" encoding="UTF-8"?>
<testsuite xmlns:xsi="http://www.w3.org/2001/XMLSchema-instance" xsi:noNamespaceSchemaLocation="https://maven.apache.org/surefire/maven-surefire-plugin/xsd/surefire-test-report-3.0.xsd" version="3.0" name="sakancom.AcceptanceTest" time="0.655" tests="6" errors="6" skipped="0" failures="0">
  <properties>
[...]
</properties>
  <testcase name="add new housing" classname="Announcing private residences by owner" time="0.113">
    <error message="The step &apos;I have a housing from the owner and it has many information about it.&apos; and 1 other step(s) are undefined.&#10;You can implement these steps using the snippet(s) below:&#10;&#10;@Given(&quot;I have a housing from the owner and it has many information about it.&quot;)&#10;public void iHaveAHousingFromTheOwnerAndItHasManyInformationAboutIt() {&#10;    // Write code here that turns the phrase above into concrete actions&#10;    throw new io.cucumber.java.PendingException();&#10;}&#10;@Then(&quot;the housing should be added in the system .&quot;)&#10;public void theHousingShouldBeAddedInTheSystem() {&#10;    // Write code here that turns the phrase above into concrete actions&#10;    throw new io.cucumber.java.PendingException();&#10;}&#10;" type="io.cucumber.junit.UndefinedStepException"><![CDATA[io.cucumber.junit.UndefinedStepException: 
The step 'I have a housing from the owner and it has many information about it.' and 1 other step(s) are undefined.
You can implement these steps using the snippet(s) below:

@Given("I have a housing from the owner and it has many information about it.")
public void iHaveAHousingFromTheOwnerAndItHasManyInformationAboutIt() {
    // Write code here that turns the phrase above into concrete actions
    throw new io.cucumber.java.PendingException();
}
@Then("the housing should be added in the system .")
public void theHousingShouldBeAddedInTheSystem() {
    // Write code here that turns the phrase above into concrete actions
    throw new io.cucumber.java.PendingException();
}

]]></error>
  </testcase>
  <testcase name="add an existing housing" classname="Announcing private residences by owner" time="0.007">
    <error message="The step &apos;I have a housing from the owner and it has many information about it.&apos; and 1 other step(s) are undefined.&#10;You can implement these steps using the snippet(s) below:&#10;&#10;@Given(&quot;I have a housing from the owner and it has many information about it.&quot;)&#10;public void iHaveAHousingFromTheOwnerAndItHasManyInformationAboutIt() {&#10;    // Write code here that turns the phrase above into concrete actions&#10;    throw new io.cucumber.java.PendingException();&#10;}&#10;@Then(&quot;the housing should not be added in the system , because it is already exist.&quot;)&#10;public void theHousingShouldNotBeAddedInTheSystemBecauseItIsAlreadyExist() {&#10;    // Write code here that turns the phrase above into concrete actions&#10;    throw new io.cucumber.java.PendingException();&#10;}&#10;" type="io.cucumber.junit.UndefinedStepException"><![CDATA[io.cucumber.junit.UndefinedStepException: 
The step 'I have a housing from the owner and it has many information about it.' and 1 other step(s) are undefined.
You can implement these steps using the snippet(s) below:

@Given("I have a housing from the owner and it has many information about it.")
public void iHaveAHousingFromTheOwnerAndItHasManyInformationAboutIt() {
    // Write code here that turns the phrase above into concrete actions
    throw new io.cucumber.java.PendingException();
}
@Then("the housing should not be added in the system , because it is already exist.")
public void theHousingShouldNotBeAddedInTheSystemBecauseItIsAlreadyExist() {
    // Write code here that turns the phrase above into concrete actions
    throw new io.cucumber.java.PendingException();
}

]]></error>
  </testcase>
  <testcase name="Decid what the role from the username #1" classname="Login" time="0.011">
    <error message="The step &apos;I have following Username and Password in this Sakan&apos; and 2 other step(s) are undefined.&#10;You can implement these steps using the snippet(s) below:&#10;&#10;@Given(&quot;I have following Username and Password in this Sakan&quot;)&#10;public void iHaveFollowingUsernameAndPasswordInThisSakan(io.cucumber.datatable.DataTable dataTable) {&#10;    // Write code here that turns the phrase above into concrete actions&#10;    // For automatic transformation, change DataTable to one of&#10;    // E, List&lt;E&gt;, List&lt;List&lt;E&gt;&gt;, List&lt;Map&lt;K,V&gt;&gt;, Map&lt;K,V&gt; or&#10;    // Map&lt;K, List&lt;V&gt;&gt;. E,K,V must be a String, Integer, Float,&#10;    // Double, Byte, Short, Long, BigInteger or BigDecimal.&#10;    //&#10;    // For other transformations you can register a DataTableType.&#10;    throw new io.cucumber.java.PendingException();&#10;}&#10;@When(&quot;The username begin with \\(owner) word&quot;)&#10;public void theUsernameBeginWithOwnerWord() {&#10;    // Write code here that turns the phrase above into concrete actions&#10;    throw new io.cucumber.java.PendingException();&#10;}&#10;@Then(&quot;i can log in the system as an owner and The owner menu will appear&quot;)&#10;public void iCanLogInTheSystemAsAnOwnerAndTheOwnerMenuWillAppear() {&#10;    // Write code here that turns the phrase above into concrete actions&#10;    throw new io.cucumber.java.PendingException();&#10;}&#10;" type="io.cucumber.junit.UndefinedStepException"><![CDATA[io.cucumber.junit.UndefinedStepException: 
The step 'I have following Username and Password in this Sakan' and 2 other step(s) are undefined.
You can implement these steps using the snippet(s) below:

@Given("I have following Username and Password in this Sakan")
public void iHaveFollowingUsernameAndPasswordInThisSakan(io.cucumber.datatable.DataTable dataTable) {
    // Write code here that turns the phrase above into concrete actions
    // For automatic transformation, change DataTable to one of
    // E, List<E>, List<List<E>>, List<Map<K,V>>, Map<K,V> or
    // Map<K, List<V>>. E,K,V must be a String, Integer, Float,
    // Double, Byte, Short, Long, BigInteger or BigDecimal.
    //
    // For other transformations you can register a DataTableType.
    throw new io.cucumber.java.PendingException();
}
@When("The username begin with \\(owner) word")
public void theUsernameBeginWithOwnerWord() {
    // Write code here that turns the phrase above into concrete actions
    throw new io.cucumber.java.PendingException();
}
@Then("i can log in the system as an owner and The owner menu will appear")
public void iCanLogInTheSystemAsAnOwnerAndTheOwnerMenuWillAppear() {
    // Write code here that turns the phrase above into concrete actions
    throw new io.cucumber.java.PendingException();
}

]]></error>
  </testcase>
  <testcase name="Decid what the role from the username #2" classname="Login" time="0.007">
    <error message="The step &apos;I have following Username and Password in this Sakan&apos; and 2 other step(s) are undefined.&#10;You can implement these steps using the snippet(s) below:&#10;&#10;@Given(&quot;I have following Username and Password in this Sakan&quot;)&#10;public void iHaveFollowingUsernameAndPasswordInThisSakan(io.cucumber.datatable.DataTable dataTable) {&#10;    // Write code here that turns the phrase above into concrete actions&#10;    // For automatic transformation, change DataTable to one of&#10;    // E, List&lt;E&gt;, List&lt;List&lt;E&gt;&gt;, List&lt;Map&lt;K,V&gt;&gt;, Map&lt;K,V&gt; or&#10;    // Map&lt;K, List&lt;V&gt;&gt;. E,K,V must be a String, Integer, Float,&#10;    // Double, Byte, Short, Long, BigInteger or BigDecimal.&#10;    //&#10;    // For other transformations you can register a DataTableType.&#10;    throw new io.cucumber.java.PendingException();&#10;}&#10;@When(&quot;The username begin with \\(admin) word&quot;)&#10;public void theUsernameBeginWithAdminWord() {&#10;    // Write code here that turns the phrase above into concrete actions&#10;    throw new io.cucumber.java.PendingException();&#10;}&#10;@Then(&quot;i can log in the system as an admin and The admin menu will appear&quot;)&#10;public void iCanLogInTheSystemAsAnAdminAndTheAdminMenuWillAppear() {&#10;    // Write code here that turns the phrase above into concrete actions&#10;    throw new io.cucumber.java.PendingException();&#10;}&#10;" type="io.cucumber.junit.UndefinedStepException"><![CDATA[io.cucumber.junit.UndefinedStepException: 
The step 'I have following Username and Password in this Sakan' and 2 other step(s) are undefined.
You can implement these steps using the snippet(s) below:

@Given("I have following Username and Password in this Sakan")
public void iHaveFollowingUsernameAndPasswordInThisSakan(io.cucumber.datatable.DataTable dataTable) {
    // Write code here that turns the phrase above into concrete actions
    // For automatic transformation, change DataTable to one of
    // E, List<E>, List<List<E>>, List<Map<K,V>>, Map<K,V> or
    // Map<K, List<V>>. E,K,V must be a String, Integer, Float,
    // Double, Byte, Short, Long, BigInteger or BigDecimal.
    //
    // For other transformations you can register a DataTableType.
    throw new io.cucumber.java.PendingException();
}
@When("The username begin with \\(admin) word")
public void theUsernameBeginWithAdminWord() {
    // Write code here that turns the phrase above into concrete actions
    throw new io.cucumber.java.PendingException();
}
@Then("i can log in the system as an admin and The admin menu will appear")
public void iCanLogInTheSystemAsAnAdminAndTheAdminMenuWillAppear() {
    // Write code here that turns the phrase above into concrete actions
    throw new io.cucumber.java.PendingException();
}

]]></error>
  </testcase>
  <testcase name="Decid what the role from the username #3" classname="Login" time="0.006">
    <error message="The step &apos;I have following Username and Password in this Sakan&apos; and 2 other step(s) are undefined.&#10;You can implement these steps using the snippet(s) below:&#10;&#10;@Given(&quot;I have following Username and Password in this Sakan&quot;)&#10;public void iHaveFollowingUsernameAndPasswordInThisSakan(io.cucumber.datatable.DataTable dataTable) {&#10;    // Write code here that turns the phrase above into concrete actions&#10;    // For automatic transformation, change DataTable to one of&#10;    // E, List&lt;E&gt;, List&lt;List&lt;E&gt;&gt;, List&lt;Map&lt;K,V&gt;&gt;, Map&lt;K,V&gt; or&#10;    // Map&lt;K, List&lt;V&gt;&gt;. E,K,V must be a String, Integer, Float,&#10;    // Double, Byte, Short, Long, BigInteger or BigDecimal.&#10;    //&#10;    // For other transformations you can register a DataTableType.&#10;    throw new io.cucumber.java.PendingException();&#10;}&#10;@When(&quot;The username begin with \\(tenant) word&quot;)&#10;public void theUsernameBeginWithTenantWord() {&#10;    // Write code here that turns the phrase above into concrete actions&#10;    throw new io.cucumber.java.PendingException();&#10;}&#10;@Then(&quot;i can log in the system as an tenant and The tenant menu will appear&quot;)&#10;public void iCanLogInTheSystemAsAnTenantAndTheTenantMenuWillAppear() {&#10;    // Write code here that turns the phrase above into concrete actions&#10;    throw new io.cucumber.java.PendingException();&#10;}&#10;" type="io.cucumber.junit.UndefinedStepException"><![CDATA[io.cucumber.junit.UndefinedStepException: 
The step 'I have following Username and Password in this Sakan' and 2 other step(s) are undefined.
You can implement these steps using the snippet(s) below:

@Given("I have following Username and Password in this Sakan")
public void iHaveFollowingUsernameAndPasswordInThisSakan(io.cucumber.datatable.DataTable dataTable) {
    // Write code here that turns the phrase above into concrete actions
    // For automatic transformation, change DataTable to one of
    // E, List<E>, List<List<E>>, List<Map<K,V>>, Map<K,V> or
    // Map<K, List<V>>. E,K,V must be a String, Integer, Float,
    // Double, Byte, Short, Long, BigInteger or BigDecimal.
    //
    // For other transformations you can register a DataTableType.
    throw new io.cucumber.java.PendingException();
}
@When("The username begin with \\(tenant) word")
public void theUsernameBeginWithTenantWord() {
    // Write code here that turns the phrase above into concrete actions
    throw new io.cucumber.java.PendingException();
}
@Then("i can log in the system as an tenant and The tenant menu will appear")
public void iCanLogInTheSystemAsAnTenantAndTheTenantMenuWillAppear() {
    // Write code here that turns the phrase above into concrete actions
    throw new io.cucumber.java.PendingException();
}

]]></error>
  </testcase>
  <testcase name="Decid what the role from the username #4" classname="Login" time="0.005">
    <error message="The step &apos;I have following Username and Password in this Sakan&apos; and 2 other step(s) are undefined.&#10;You can implement these steps using the snippet(s) below:&#10;&#10;@Given(&quot;I have following Username and Password in this Sakan&quot;)&#10;public void iHaveFollowingUsernameAndPasswordInThisSakan(io.cucumber.datatable.DataTable dataTable) {&#10;    // Write code here that turns the phrase above into concrete actions&#10;    // For automatic transformation, change DataTable to one of&#10;    // E, List&lt;E&gt;, List&lt;List&lt;E&gt;&gt;, List&lt;Map&lt;K,V&gt;&gt;, Map&lt;K,V&gt; or&#10;    // Map&lt;K, List&lt;V&gt;&gt;. E,K,V must be a String, Integer, Float,&#10;    // Double, Byte, Short, Long, BigInteger or BigDecimal.&#10;    //&#10;    // For other transformations you can register a DataTableType.&#10;    throw new io.cucumber.java.PendingException();&#10;}&#10;@When(&quot;the user is not signed up&quot;)&#10;public void theUserIsNotSignedUp() {&#10;    // Write code here that turns the phrase above into concrete actions&#10;    throw new io.cucumber.java.PendingException();&#10;}&#10;@Then(&quot;then no menu will appear&quot;)&#10;public void thenNoMenuWillAppear() {&#10;    // Write code here that turns the phrase above into concrete actions&#10;    throw new io.cucumber.java.PendingException();&#10;}&#10;" type="io.cucumber.junit.UndefinedStepException"><![CDATA[io.cucumber.junit.UndefinedStepException: 
The step 'I have following Username and Password in this Sakan' and 2 other step(s) are undefined.
You can implement these steps using the snippet(s) below:

@Given("I have following Username and Password in this Sakan")
public void iHaveFollowingUsernameAndPasswordInThisSakan(io.cucumber.datatable.DataTable dataTable) {
    // Write code here that turns the phrase above into concrete actions
    // For automatic transformation, change DataTable to one of
    // E, List<E>, List<List<E>>, List<Map<K,V>>, Map<K,V> or
    // Map<K, List<V>>. E,K,V must be a String, Integer, Float,
    // Double, Byte, Short, Long, BigInteger or BigDecimal.
    //
    // For other transformations you can register a DataTableType.
    throw new io.cucumber.java.PendingException();
}
@When("the user is not signed up")
public void theUserIsNotSignedUp() {
    // Write code here that turns the phrase above into concrete actions
    throw new io.cucumber.java.PendingException();
}
@Then("then no menu will appear")
public void thenNoMenuWillAppear() {
    // Write code here that turns the phrase above into concrete actions
    throw new io.cucumber.java.PendingException();
}

]]></error>
  </testcase>
</testsuite>