<?xml version="1.0" encoding="UTF-8"?>
<testsuite xmlns:xsi="http://www.w3.org/2001/XMLSchema-instance" xsi:noNamespaceSchemaLocation="https://maven.apache.org/surefire/maven-surefire-plugin/xsd/surefire-test-report-3.0.xsd" version="3.0" name="sakancom.AcceptanceTest" time="1.21" tests="50" errors="0" skipped="0" failures="0">
  <properties>
[...]
</properties>
  <testcase name="when admins request to reservations via the system" classname="Watching reservations via the system" time="0.144">
    <system-err><![CDATA[Aug 07, 2023 9:08:14 PM sakancomMain.Main showTenantToAdmin
INFO: house id : 11
Aug 07, 2023 9:08:14 PM sakancomMain.Main showTenantToAdmin
INFO: || have this ||
Aug 07, 2023 9:08:14 PM sakancomMain.Main showTenantToAdmin
INFO: bed
]]></system-err>
  </testcase>
  <testcase name="when  (acceptance)admins request to see advertisement of housing ." classname="Scenes of requests for advertisement of housing and the ability to accept and reject it." time="0.015"/>
  <testcase name="when (reject)admins request to see advertisement of housing ." classname="Scenes of requests for advertisement of housing and the ability to accept and reject it." time="0.017"/>
  <testcase name="when owner request to add housing. #1" classname="add housing #1" time="0.018">
    <system-err><![CDATA[Aug 07, 2023 9:08:14 PM sakancomMain.Main addHousing
INFO: your housing has been added successfully
Aug 07, 2023 9:08:14 PM sakancomMain.Main showFromHousingList
INFO: 
House Id:  2,200 
Aug 07, 2023 9:08:14 PM sakancomMain.Main showFromHousingList
INFO: 
Residence Id:   2
Aug 07, 2023 9:08:14 PM sakancomMain.Main showFromHousingList
INFO: 
Residence Name:   
Aug 07, 2023 9:08:14 PM sakancomMain.Main showFromHousingList
INFO: alsafa
Aug 07, 2023 9:08:14 PM sakancomMain.Main showFromHousingList
INFO: 
House location:   
Aug 07, 2023 9:08:14 PM sakancomMain.Main showFromHousingList
INFO: nablus
Aug 07, 2023 9:08:14 PM sakancomMain.Main showFromHousingList
INFO: 
floor Number :  3 
Aug 07, 2023 9:08:14 PM sakancomMain.Main showFromHousingList
INFO: 
Apartment Number: 200 
Aug 07, 2023 9:08:14 PM sakancomMain.Main showFromHousingList
INFO: 
House photo:   
Aug 07, 2023 9:08:14 PM sakancomMain.Main showFromHousingList
INFO: https://drive.google.com/file/d/1Meeeogiy_F5bCQvhoJB2BepnrxkRkF_P/view?usp=drive_link
Aug 07, 2023 9:08:14 PM sakancomMain.Main showFromHousingList
INFO: 
House Rent:   1,200
Aug 07, 2023 9:08:14 PM sakancomMain.Main showFromHousingList
INFO: 
House Services:   
Aug 07, 2023 9:08:14 PM sakancomMain.Main showFromHousingList
INFO: elevator
Aug 07, 2023 9:08:14 PM sakancomMain.Main showFromHousingList
INFO: 
Max Number Of Tenant in House :   2
Aug 07, 2023 9:08:14 PM sakancomMain.Main showFromHousingList
INFO: 
Number Of Bedrooms in House:   3
Aug 07, 2023 9:08:14 PM sakancomMain.Main showFromHousingList
INFO: 
Number Of Bethrooms in House:   3
Aug 07, 2023 9:08:14 PM sakancomMain.Main showFromHousingList
INFO: 
Number Of Balcony House:   1
Aug 07, 2023 9:08:14 PM sakancomMain.Main showFromHousingList
INFO: 
Owner Name to House :   
Aug 07, 2023 9:08:14 PM sakancomMain.Main showFromHousingList
INFO: ownerOmar
Aug 07, 2023 9:08:14 PM sakancomMain.Main showFromHousingList
INFO: 
Owner Phone to House :   
Aug 07, 2023 9:08:14 PM sakancomMain.Main showFromHousingList
INFO: 0569696345
Aug 07, 2023 9:08:14 PM sakancomMain.Main showFromHousingList
INFO: 
Owner Email to House :   
Aug 07, 2023 9:08:14 PM sakancomMain.Main showFromHousingList
INFO: omar.112@gmail.com
Aug 07, 2023 9:08:14 PM sakancomMain.Main showFromHousingList
INFO: ||||||||||||||||||||||||||||||||||||||||||||||||||||||||||||||||||||||||||||||||||||||||
]]></system-err>
  </testcase>
  <testcase name="when owner request to add housing. #2" classname="add housing #1" time="0.056">
    <system-err><![CDATA[Aug 07, 2023 9:08:14 PM sakancomMain.Main addHousing
INFO: this housing is already exist
]]></system-err>
  </testcase>
  <testcase name="when admin add housing.(admin)" classname="add housing #1" time="0.001">
    <system-err><![CDATA[Aug 07, 2023 9:08:14 PM sakancomMain.Main addHousing
INFO: this housing is already exist
Aug 07, 2023 9:08:14 PM sakancomMain.Main showFromHousingList
INFO: 
House Id:  2,200 
Aug 07, 2023 9:08:14 PM sakancomMain.Main showFromHousingList
INFO: 
Residence Id:   2
Aug 07, 2023 9:08:14 PM sakancomMain.Main showFromHousingList
INFO: 
Residence Name:   
Aug 07, 2023 9:08:14 PM sakancomMain.Main showFromHousingList
INFO: alsafa
Aug 07, 2023 9:08:14 PM sakancomMain.Main showFromHousingList
INFO: 
House location:   
Aug 07, 2023 9:08:14 PM sakancomMain.Main showFromHousingList
INFO: nablus
Aug 07, 2023 9:08:14 PM sakancomMain.Main showFromHousingList
INFO: 
floor Number :  3 
Aug 07, 2023 9:08:14 PM sakancomMain.Main showFromHousingList
INFO: 
Apartment Number: 200 
Aug 07, 2023 9:08:14 PM sakancomMain.Main showFromHousingList
INFO: 
House photo:   
Aug 07, 2023 9:08:14 PM sakancomMain.Main showFromHousingList
INFO: https://drive.google.com/file/d/1Meeeogiy_F5bCQvhoJB2BepnrxkRkF_P/view?usp=drive_link
Aug 07, 2023 9:08:14 PM sakancomMain.Main showFromHousingList
INFO: 
House Rent:   1,200
Aug 07, 2023 9:08:14 PM sakancomMain.Main showFromHousingList
INFO: 
House Services:   
Aug 07, 2023 9:08:14 PM sakancomMain.Main showFromHousingList
INFO: elevator
Aug 07, 2023 9:08:14 PM sakancomMain.Main showFromHousingList
INFO: 
Max Number Of Tenant in House :   2
Aug 07, 2023 9:08:14 PM sakancomMain.Main showFromHousingList
INFO: 
Number Of Bedrooms in House:   3
Aug 07, 2023 9:08:14 PM sakancomMain.Main showFromHousingList
INFO: 
Number Of Bethrooms in House:   3
Aug 07, 2023 9:08:14 PM sakancomMain.Main showFromHousingList
INFO: 
Number Of Balcony House:   1
Aug 07, 2023 9:08:14 PM sakancomMain.Main showFromHousingList
INFO: 
Owner Name to House :   
Aug 07, 2023 9:08:14 PM sakancomMain.Main showFromHousingList
INFO: ownerOmar
Aug 07, 2023 9:08:14 PM sakancomMain.Main showFromHousingList
INFO: 
Owner Phone to House :   
Aug 07, 2023 9:08:14 PM sakancomMain.Main showFromHousingList
INFO: 0569696345
Aug 07, 2023 9:08:14 PM sakancomMain.Main showFromHousingList
INFO: 
Owner Email to House :   
Aug 07, 2023 9:08:14 PM sakancomMain.Main showFromHousingList
INFO: omar.112@gmail.com
Aug 07, 2023 9:08:14 PM sakancomMain.Main showFromHousingList
INFO: ||||||||||||||||||||||||||||||||||||||||||||||||||||||||||||||||||||||||||||||||||||||||
]]></system-err>
  </testcase>
  <testcase name="when admin request to add housing.(admin)2" classname="add housing #1" time="0.001">
    <system-err><![CDATA[Aug 07, 2023 9:08:14 PM sakancomMain.Main addHousing
INFO: your housing has been added successfully
]]></system-err>
  </testcase>
  <testcase name="when admins request to see the accepted housing." classname="View the accepted housing" time="0.016">
    <system-err><![CDATA[Aug 07, 2023 9:08:14 PM sakancomMain.Main showFromHousingListAccepted
INFO: 
House Id:  2,200 
Aug 07, 2023 9:08:14 PM sakancomMain.Main showFromHousingListAccepted
INFO: 
Residence Id:   2
Aug 07, 2023 9:08:14 PM sakancomMain.Main showFromHousingListAccepted
INFO: 
Residence Name:   
Aug 07, 2023 9:08:14 PM sakancomMain.Main showFromHousingListAccepted
INFO: alsafa
Aug 07, 2023 9:08:14 PM sakancomMain.Main showFromHousingListAccepted
INFO: 
House location:   
Aug 07, 2023 9:08:14 PM sakancomMain.Main showFromHousingListAccepted
INFO: nablus
Aug 07, 2023 9:08:14 PM sakancomMain.Main showFromHousingListAccepted
INFO: 
floor Number :  3 
Aug 07, 2023 9:08:14 PM sakancomMain.Main showFromHousingListAccepted
INFO: 
Apartment Number: 200 
Aug 07, 2023 9:08:14 PM sakancomMain.Main showFromHousingListAccepted
INFO: 
House photo:   
Aug 07, 2023 9:08:14 PM sakancomMain.Main showFromHousingListAccepted
INFO: https://drive.google.com/file/d/1Meeeogiy_F5bCQvhoJB2BepnrxkRkF_P/view?usp=drive_link
Aug 07, 2023 9:08:14 PM sakancomMain.Main showFromHousingListAccepted
INFO: 
House Rent:   1,200
Aug 07, 2023 9:08:14 PM sakancomMain.Main showFromHousingListAccepted
INFO: 
House Services:   
Aug 07, 2023 9:08:14 PM sakancomMain.Main showFromHousingListAccepted
INFO: elevator
Aug 07, 2023 9:08:14 PM sakancomMain.Main showFromHousingListAccepted
INFO: 
Max Number Of Tenant in House :   2
Aug 07, 2023 9:08:14 PM sakancomMain.Main showFromHousingListAccepted
INFO: 
Number Of Bedrooms in House:   3
Aug 07, 2023 9:08:14 PM sakancomMain.Main showFromHousingListAccepted
INFO: 
Number Of Bethrooms in House:   3
Aug 07, 2023 9:08:14 PM sakancomMain.Main showFromHousingListAccepted
INFO: 
Number Of Balcony House:   1
Aug 07, 2023 9:08:14 PM sakancomMain.Main showFromHousingListAccepted
INFO: 
Owner Name to House :   
Aug 07, 2023 9:08:14 PM sakancomMain.Main showFromHousingListAccepted
INFO: ownerOmar11
Aug 07, 2023 9:08:14 PM sakancomMain.Main showFromHousingListAccepted
INFO: 
Owner Phone to House :   
Aug 07, 2023 9:08:14 PM sakancomMain.Main showFromHousingListAccepted
INFO: 0569696345
Aug 07, 2023 9:08:14 PM sakancomMain.Main showFromHousingListAccepted
INFO: 
Owner Email to House :   
Aug 07, 2023 9:08:14 PM sakancomMain.Main showFromHousingListAccepted
INFO: omar.112@gmail.com
Aug 07, 2023 9:08:14 PM sakancomMain.Main showFromHousingListAccepted
INFO: ||||||||||||||||||||||||||||||||||||||||||||||||||||||||||||||||||||||||||||||||||||||||
Aug 07, 2023 9:08:14 PM sakancomMain.Main showFromHousingListAccepted
INFO: 
House Id:  7,200 
Aug 07, 2023 9:08:14 PM sakancomMain.Main showFromHousingListAccepted
INFO: 
Residence Id:   7
Aug 07, 2023 9:08:14 PM sakancomMain.Main showFromHousingListAccepted
INFO: 
Residence Name:   
Aug 07, 2023 9:08:14 PM sakancomMain.Main showFromHousingListAccepted
INFO: alsafa
Aug 07, 2023 9:08:14 PM sakancomMain.Main showFromHousingListAccepted
INFO: 
House location:   
Aug 07, 2023 9:08:14 PM sakancomMain.Main showFromHousingListAccepted
INFO: nablus
Aug 07, 2023 9:08:14 PM sakancomMain.Main showFromHousingListAccepted
INFO: 
floor Number :  3 
Aug 07, 2023 9:08:14 PM sakancomMain.Main showFromHousingListAccepted
INFO: 
Apartment Number: 200 
Aug 07, 2023 9:08:14 PM sakancomMain.Main showFromHousingListAccepted
INFO: 
House photo:   
Aug 07, 2023 9:08:14 PM sakancomMain.Main showFromHousingListAccepted
INFO: https://drive.google.com/file/d/1Meeeogiy_F5bCQvhoJB2BepnrxkRkF_P/view?usp=drive_link
Aug 07, 2023 9:08:14 PM sakancomMain.Main showFromHousingListAccepted
INFO: 
House Rent:   1,200
Aug 07, 2023 9:08:14 PM sakancomMain.Main showFromHousingListAccepted
INFO: 
House Services:   
Aug 07, 2023 9:08:14 PM sakancomMain.Main showFromHousingListAccepted
INFO: elevator
Aug 07, 2023 9:08:14 PM sakancomMain.Main showFromHousingListAccepted
INFO: 
Max Number Of Tenant in House :   2
Aug 07, 2023 9:08:14 PM sakancomMain.Main showFromHousingListAccepted
INFO: 
Number Of Bedrooms in House:   3
Aug 07, 2023 9:08:14 PM sakancomMain.Main showFromHousingListAccepted
INFO: 
Number Of Bethrooms in House:   3
Aug 07, 2023 9:08:14 PM sakancomMain.Main showFromHousingListAccepted
INFO: 
Number Of Balcony House:   1
Aug 07, 2023 9:08:14 PM sakancomMain.Main showFromHousingListAccepted
INFO: 
Owner Name to House :   
Aug 07, 2023 9:08:14 PM sakancomMain.Main showFromHousingListAccepted
INFO: ownerOmar
Aug 07, 2023 9:08:14 PM sakancomMain.Main showFromHousingListAccepted
INFO: 
Owner Phone to House :   
Aug 07, 2023 9:08:14 PM sakancomMain.Main showFromHousingListAccepted
INFO: 0569696345
Aug 07, 2023 9:08:14 PM sakancomMain.Main showFromHousingListAccepted
INFO: 
Owner Email to House :   
Aug 07, 2023 9:08:14 PM sakancomMain.Main showFromHousingListAccepted
INFO: omar.112@gmail.com
Aug 07, 2023 9:08:14 PM sakancomMain.Main showFromHousingListAccepted
INFO: ||||||||||||||||||||||||||||||||||||||||||||||||||||||||||||||||||||||||||||||||||||||||
Aug 07, 2023 9:08:14 PM sakancomMain.Main showFromHousingListAccepted
INFO: 
House Id:  222,002 
Aug 07, 2023 9:08:14 PM sakancomMain.Main showFromHousingListAccepted
INFO: 
Residence Id:   22
Aug 07, 2023 9:08:14 PM sakancomMain.Main showFromHousingListAccepted
INFO: 
Residence Name:   
Aug 07, 2023 9:08:14 PM sakancomMain.Main showFromHousingListAccepted
INFO: alsafa
Aug 07, 2023 9:08:14 PM sakancomMain.Main showFromHousingListAccepted
INFO: 
House location:   
Aug 07, 2023 9:08:14 PM sakancomMain.Main showFromHousingListAccepted
INFO: nablus
Aug 07, 2023 9:08:14 PM sakancomMain.Main showFromHousingListAccepted
INFO: 
floor Number :  3 
Aug 07, 2023 9:08:14 PM sakancomMain.Main showFromHousingListAccepted
INFO: 
Apartment Number: 2,002 
Aug 07, 2023 9:08:14 PM sakancomMain.Main showFromHousingListAccepted
INFO: 
House photo:   
Aug 07, 2023 9:08:14 PM sakancomMain.Main showFromHousingListAccepted
INFO: https://drive.google.com/file/d/1Meeeogiy_F5bCQvhoJB2BepnrxkRkF_P/view?usp=drive_link
Aug 07, 2023 9:08:14 PM sakancomMain.Main showFromHousingListAccepted
INFO: 
House Rent:   1,200
Aug 07, 2023 9:08:14 PM sakancomMain.Main showFromHousingListAccepted
INFO: 
House Services:   
Aug 07, 2023 9:08:14 PM sakancomMain.Main showFromHousingListAccepted
INFO: elevator
Aug 07, 2023 9:08:14 PM sakancomMain.Main showFromHousingListAccepted
INFO: 
Max Number Of Tenant in House :   2
Aug 07, 2023 9:08:14 PM sakancomMain.Main showFromHousingListAccepted
INFO: 
Number Of Bedrooms in House:   3
Aug 07, 2023 9:08:14 PM sakancomMain.Main showFromHousingListAccepted
INFO: 
Number Of Bethrooms in House:   3
Aug 07, 2023 9:08:14 PM sakancomMain.Main showFromHousingListAccepted
INFO: 
Number Of Balcony House:   1
Aug 07, 2023 9:08:14 PM sakancomMain.Main showFromHousingListAccepted
INFO: 
Owner Name to House :   
Aug 07, 2023 9:08:14 PM sakancomMain.Main showFromHousingListAccepted
INFO: ownerOmar11
Aug 07, 2023 9:08:14 PM sakancomMain.Main showFromHousingListAccepted
INFO: 
Owner Phone to House :   
Aug 07, 2023 9:08:14 PM sakancomMain.Main showFromHousingListAccepted
INFO: 0569696345
Aug 07, 2023 9:08:14 PM sakancomMain.Main showFromHousingListAccepted
INFO: 
Owner Email to House :   
Aug 07, 2023 9:08:14 PM sakancomMain.Main showFromHousingListAccepted
INFO: omar.112@gmail.com
Aug 07, 2023 9:08:14 PM sakancomMain.Main showFromHousingListAccepted
INFO: ||||||||||||||||||||||||||||||||||||||||||||||||||||||||||||||||||||||||||||||||||||||||
]]></system-err>
  </testcase>
  <testcase name="when owner request to see your accepted housing." classname="View the accepted housing to owner" time="0.018">
    <system-err><![CDATA[Aug 07, 2023 9:08:14 PM sakancomMain.Main showFromHousingListAccepted
INFO: 
House Id:  7,200 
Aug 07, 2023 9:08:14 PM sakancomMain.Main showFromHousingListAccepted
INFO: 
Residence Id:   7
Aug 07, 2023 9:08:14 PM sakancomMain.Main showFromHousingListAccepted
INFO: 
Residence Name:   
Aug 07, 2023 9:08:14 PM sakancomMain.Main showFromHousingListAccepted
INFO: alsafa
Aug 07, 2023 9:08:14 PM sakancomMain.Main showFromHousingListAccepted
INFO: 
House location:   
Aug 07, 2023 9:08:14 PM sakancomMain.Main showFromHousingListAccepted
INFO: nablus
Aug 07, 2023 9:08:14 PM sakancomMain.Main showFromHousingListAccepted
INFO: 
floor Number :  3 
Aug 07, 2023 9:08:14 PM sakancomMain.Main showFromHousingListAccepted
INFO: 
Apartment Number: 200 
Aug 07, 2023 9:08:14 PM sakancomMain.Main showFromHousingListAccepted
INFO: 
House photo:   
Aug 07, 2023 9:08:14 PM sakancomMain.Main showFromHousingListAccepted
INFO: https://drive.google.com/file/d/1Meeeogiy_F5bCQvhoJB2BepnrxkRkF_P/view?usp=drive_link
Aug 07, 2023 9:08:14 PM sakancomMain.Main showFromHousingListAccepted
INFO: 
House Rent:   1,200
Aug 07, 2023 9:08:14 PM sakancomMain.Main showFromHousingListAccepted
INFO: 
House Services:   
Aug 07, 2023 9:08:14 PM sakancomMain.Main showFromHousingListAccepted
INFO: elevator
Aug 07, 2023 9:08:14 PM sakancomMain.Main showFromHousingListAccepted
INFO: 
Max Number Of Tenant in House :   2
Aug 07, 2023 9:08:14 PM sakancomMain.Main showFromHousingListAccepted
INFO: 
Number Of Bedrooms in House:   3
Aug 07, 2023 9:08:14 PM sakancomMain.Main showFromHousingListAccepted
INFO: 
Number Of Bethrooms in House:   3
Aug 07, 2023 9:08:14 PM sakancomMain.Main showFromHousingListAccepted
INFO: 
Number Of Balcony House:   1
Aug 07, 2023 9:08:14 PM sakancomMain.Main showFromHousingListAccepted
INFO: 
Owner Name to House :   
Aug 07, 2023 9:08:14 PM sakancomMain.Main showFromHousingListAccepted
INFO: ownerOmar
Aug 07, 2023 9:08:14 PM sakancomMain.Main showFromHousingListAccepted
INFO: 
Owner Phone to House :   
Aug 07, 2023 9:08:14 PM sakancomMain.Main showFromHousingListAccepted
INFO: 0569696345
Aug 07, 2023 9:08:14 PM sakancomMain.Main showFromHousingListAccepted
INFO: 
Owner Email to House :   
Aug 07, 2023 9:08:14 PM sakancomMain.Main showFromHousingListAccepted
INFO: omar.112@gmail.com
Aug 07, 2023 9:08:14 PM sakancomMain.Main showFromHousingListAccepted
INFO: ||||||||||||||||||||||||||||||||||||||||||||||||||||||||||||||||||||||||||||||||||||||||
Aug 07, 2023 9:08:14 PM sakancomMain.Main showFromHousingListAccepted
INFO: 
House Id:  2,200 
Aug 07, 2023 9:08:14 PM sakancomMain.Main showFromHousingListAccepted
INFO: 
Residence Id:   2
Aug 07, 2023 9:08:14 PM sakancomMain.Main showFromHousingListAccepted
INFO: 
Residence Name:   
Aug 07, 2023 9:08:14 PM sakancomMain.Main showFromHousingListAccepted
INFO: alsafa
Aug 07, 2023 9:08:14 PM sakancomMain.Main showFromHousingListAccepted
INFO: 
House location:   
Aug 07, 2023 9:08:14 PM sakancomMain.Main showFromHousingListAccepted
INFO: nablus
Aug 07, 2023 9:08:14 PM sakancomMain.Main showFromHousingListAccepted
INFO: 
floor Number :  3 
Aug 07, 2023 9:08:14 PM sakancomMain.Main showFromHousingListAccepted
INFO: 
Apartment Number: 200 
Aug 07, 2023 9:08:14 PM sakancomMain.Main showFromHousingListAccepted
INFO: 
House photo:   
Aug 07, 2023 9:08:14 PM sakancomMain.Main showFromHousingListAccepted
INFO: https://drive.google.com/file/d/1Meeeogiy_F5bCQvhoJB2BepnrxkRkF_P/view?usp=drive_link
Aug 07, 2023 9:08:14 PM sakancomMain.Main showFromHousingListAccepted
INFO: 
House Rent:   1,200
Aug 07, 2023 9:08:14 PM sakancomMain.Main showFromHousingListAccepted
INFO: 
House Services:   
Aug 07, 2023 9:08:14 PM sakancomMain.Main showFromHousingListAccepted
INFO: elevator
Aug 07, 2023 9:08:14 PM sakancomMain.Main showFromHousingListAccepted
INFO: 
Max Number Of Tenant in House :   2
Aug 07, 2023 9:08:14 PM sakancomMain.Main showFromHousingListAccepted
INFO: 
Number Of Bedrooms in House:   3
Aug 07, 2023 9:08:14 PM sakancomMain.Main showFromHousingListAccepted
INFO: 
Number Of Bethrooms in House:   3
Aug 07, 2023 9:08:14 PM sakancomMain.Main showFromHousingListAccepted
INFO: 
Number Of Balcony House:   1
Aug 07, 2023 9:08:14 PM sakancomMain.Main showFromHousingListAccepted
INFO: 
Owner Name to House :   
Aug 07, 2023 9:08:14 PM sakancomMain.Main showFromHousingListAccepted
INFO: ownerOmar
Aug 07, 2023 9:08:14 PM sakancomMain.Main showFromHousingListAccepted
INFO: 
Owner Phone to House :   
Aug 07, 2023 9:08:14 PM sakancomMain.Main showFromHousingListAccepted
INFO: 0569696345
Aug 07, 2023 9:08:14 PM sakancomMain.Main showFromHousingListAccepted
INFO: 
Owner Email to House :   
Aug 07, 2023 9:08:14 PM sakancomMain.Main showFromHousingListAccepted
INFO: omar.112@gmail.com
Aug 07, 2023 9:08:14 PM sakancomMain.Main showFromHousingListAccepted
INFO: ||||||||||||||||||||||||||||||||||||||||||||||||||||||||||||||||||||||||||||||||||||||||
]]></system-err>
  </testcase>
  <testcase name="when owner request Control Panel." classname="Control Panel" time="0.011">
    <system-err><![CDATA[Aug 07, 2023 9:08:14 PM sakancomMain.Main cPanel
INFO: Welcome in Conrtol Panel 
Aug 07, 2023 9:08:14 PM sakancomMain.Main cPanel
INFO: ownerOmar
Aug 07, 2023 9:08:14 PM sakancomMain.Main cPanel
INFO: 
||||||||||||||||||||||||||||||||||||||||||
Id for your residence is : 1
Aug 07, 2023 9:08:14 PM sakancomMain.Main cPanel
INFO: Number Of Floor is : 3
Aug 07, 2023 9:08:14 PM sakancomMain.Main cPanel
INFO: 
The (first) floor have this apartment : 
Aug 07, 2023 9:08:14 PM sakancomMain.Main printInfoForCpanelOwner
INFO: Aapartment Id : 1    
Aug 07, 2023 9:08:14 PM sakancomMain.Main printInfoForCpanelOwner
INFO: number of balcony :1   
Aug 07, 2023 9:08:14 PM sakancomMain.Main printInfoForCpanelOwner
INFO: number of bedrooms :2    
Aug 07, 2023 9:08:14 PM sakancomMain.Main printInfoForCpanelOwner
INFO: number of bathrooms :2     
Aug 07, 2023 9:08:14 PM sakancomMain.Main printInfoForCpanelOwner
INFO: House Id  :11  

Aug 07, 2023 9:08:14 PM sakancomMain.Main printInfoForCpanelOwner
INFO: 
Tenant Name :
Aug 07, 2023 9:08:14 PM sakancomMain.Main printInfoForCpanelOwner
INFO: bed
Aug 07, 2023 9:08:14 PM sakancomMain.Main printInfoForCpanelOwner
INFO:       
]]></system-err>
  </testcase>
  <testcase name="when owner modify housing.(Residence Id)" classname="modify housing" time="0.011">
    <system-err><![CDATA[Aug 07, 2023 9:08:14 PM sakancomMain.Main editHousing2
INFO: Done this update ResidenceId
]]></system-err>
  </testcase>
  <testcase name="when owner modify housing.(Residence Name)" classname="modify housing" time="0.016">
    <system-err><![CDATA[Aug 07, 2023 9:08:14 PM sakancomMain.Main editHousing1
INFO: Done this update on ResidenceName
]]></system-err>
  </testcase>
  <testcase name="when owner modify housing.(Location )" classname="modify housing" time="0.009">
    <system-err><![CDATA[Aug 07, 2023 9:08:14 PM sakancomMain.Main editHousing1
INFO: Done this update on location
]]></system-err>
  </testcase>
  <testcase name="when owner modify housing.(Floor Number )" classname="modify housing" time="0.008">
    <system-err><![CDATA[Aug 07, 2023 9:08:14 PM sakancomMain.Main editHousing2
INFO: Done this update FloorNum
]]></system-err>
  </testcase>
  <testcase name="when owner modify housing.(Apartment Number )" classname="modify housing" time="0.007">
    <system-err><![CDATA[Aug 07, 2023 9:08:14 PM sakancomMain.Main editHousing2
INFO: Done this update ApartmentNum
]]></system-err>
  </testcase>
  <testcase name="when owner modify housing.(Photo )" classname="modify housing" time="0.011">
    <system-err><![CDATA[Aug 07, 2023 9:08:14 PM sakancomMain.Main editHousing1
INFO: Done this update on Photo
]]></system-err>
  </testcase>
  <testcase name="when owner modify housing.(Rent )" classname="modify housing" time="0.008">
    <system-err><![CDATA[Aug 07, 2023 9:08:14 PM sakancomMain.Main editHousing2
INFO: Done this update Rent
]]></system-err>
  </testcase>
  <testcase name="when owner modify housing.(Services )" classname="modify housing" time="0.009">
    <system-err><![CDATA[Aug 07, 2023 9:08:14 PM sakancomMain.Main editHousing1
INFO: Done this update on Services
]]></system-err>
  </testcase>
  <testcase name="when owner modify housing.(Max Number Of Tenant )" classname="modify housing" time="0.007">
    <system-err><![CDATA[Aug 07, 2023 9:08:14 PM sakancomMain.Main editHousing2
INFO: Done this update MaxNumOfTenant
]]></system-err>
  </testcase>
  <testcase name="when owner modify housing.(Number Of Bedrooms )" classname="modify housing" time="0.008">
    <system-err><![CDATA[Aug 07, 2023 9:08:14 PM sakancomMain.Main editHousing2
INFO: Done this update NumOfBedrooms
]]></system-err>
  </testcase>
  <testcase name="when owner modify housing.(Number Of Bathrooms )" classname="modify housing" time="0.01">
    <system-err><![CDATA[Aug 07, 2023 9:08:14 PM sakancomMain.Main editHousing2
INFO: Done this update NumOfBathrooms
]]></system-err>
  </testcase>
  <testcase name="when owner modify housing.(Balcony )" classname="modify housing" time="0.01">
    <system-err><![CDATA[Aug 07, 2023 9:08:14 PM sakancomMain.Main editHousing2
INFO: Done this update Balcony
]]></system-err>
  </testcase>
  <testcase name="when owner modify housing.(Owner Name )" classname="modify housing" time="0.008">
    <system-err><![CDATA[Aug 07, 2023 9:08:14 PM sakancomMain.Main editHousing1
INFO: Done this update on OwnerName
]]></system-err>
  </testcase>
  <testcase name="when owner modify housing.(Owner Phone )" classname="modify housing" time="0.007">
    <system-err><![CDATA[Aug 07, 2023 9:08:14 PM sakancomMain.Main editHousing1
INFO: Done this update on OwnerPhone
]]></system-err>
  </testcase>
  <testcase name="when owner modify housing.(Owner Email )" classname="modify housing" time="0.006"/>
  <testcase name="when owner modify housing.(Residence )" classname="modify housing" time="0.008">
    <system-err><![CDATA[Aug 07, 2023 9:08:14 PM sakancomMain.Main editHousing1
INFO: Done this update on OwnerEmail
]]></system-err>
  </testcase>
  <testcase name="when owner modify housing.(Status )" classname="modify housing" time="0.006"/>
  <testcase name="owner True-&gt; uname and True-&gt; password" classname="Login" time="0.009"/>
  <testcase name="owner True-&gt; uname and False-&gt; password" classname="Login" time="0.006"/>
  <testcase name="owner False-&gt; uname" classname="Login" time="0.009"/>
  <testcase name="admin True-&gt; uname and True-&gt; password" classname="Login" time="0.009"/>
  <testcase name="admin True-&gt; uname and False-&gt; password" classname="Login" time="0.008"/>
  <testcase name="admin False-&gt; uname" classname="Login" time="0.006"/>
  <testcase name="tenant True-&gt; uname and True-&gt; password" classname="Login" time="0.007"/>
  <testcase name="tenant True-&gt; uname and False-&gt; password" classname="Login" time="0.005"/>
  <testcase name="tenant False-&gt; uname" classname="Login" time="0.007"/>
  <testcase name="Decid what the role from the username" classname="Login" time="0.005"/>
  <testcase name=" #1" classname="show all not to test" time="0.006"/>
  <testcase name=" #2" classname="show all not to test" time="0.005"/>
  <testcase name=" #3" classname="show all not to test" time="0.006"/>
  <testcase name=" #4" classname="show all not to test" time="0.009"/>
  <testcase name="when admins request to Show Status Of Housing" classname="View the available housing" time="0.009">
    <system-err><![CDATA[Aug 07, 2023 9:08:14 PM sakancomMain.Main ShowStatusOfHousing
INFO: House Id:   2,200
Aug 07, 2023 9:08:14 PM sakancomMain.Main ShowStatusOfHousing
INFO:  ||||||||   
Aug 07, 2023 9:08:14 PM sakancomMain.Main ShowStatusOfHousing
INFO: Available
Aug 07, 2023 9:08:14 PM sakancomMain.Main ShowStatusOfHousing
INFO: 

Aug 07, 2023 9:08:14 PM sakancomMain.Main ShowStatusOfHousing
INFO: House Id:   7,200
Aug 07, 2023 9:08:14 PM sakancomMain.Main ShowStatusOfHousing
INFO:  ||||||||   
Aug 07, 2023 9:08:14 PM sakancomMain.Main ShowStatusOfHousing
INFO: Available
Aug 07, 2023 9:08:14 PM sakancomMain.Main ShowStatusOfHousing
INFO: 

Aug 07, 2023 9:08:14 PM sakancomMain.Main ShowStatusOfHousing
INFO: House Id:   222,002
Aug 07, 2023 9:08:14 PM sakancomMain.Main ShowStatusOfHousing
INFO:  ||||||||   
Aug 07, 2023 9:08:14 PM sakancomMain.Main ShowStatusOfHousing
INFO: Available
Aug 07, 2023 9:08:14 PM sakancomMain.Main ShowStatusOfHousing
INFO: 

Aug 07, 2023 9:08:14 PM sakancomMain.Main ShowStatusOfHousing
INFO: House Id:   2,200
Aug 07, 2023 9:08:14 PM sakancomMain.Main ShowStatusOfHousing
INFO:  ||||||||   
Aug 07, 2023 9:08:14 PM sakancomMain.Main ShowStatusOfHousing
INFO: Available
Aug 07, 2023 9:08:14 PM sakancomMain.Main ShowStatusOfHousing
INFO: 

]]></system-err>
  </testcase>
  <testcase name="when  the tenant want to add some furniture" classname="add furniture." time="0.006"/>
  <testcase name="when admins request to see the available housing ." classname="View the infotnation about available housing" time="0.02">
    <system-err><![CDATA[Aug 07, 2023 9:08:14 PM sakancomMain.Main showFromHousingListAccepted
INFO: 
House Id:  2,200 
Aug 07, 2023 9:08:14 PM sakancomMain.Main showFromHousingListAccepted
INFO: 
Residence Id:   2
Aug 07, 2023 9:08:14 PM sakancomMain.Main showFromHousingListAccepted
INFO: 
Residence Name:   
Aug 07, 2023 9:08:14 PM sakancomMain.Main showFromHousingListAccepted
INFO: alsafa
Aug 07, 2023 9:08:14 PM sakancomMain.Main showFromHousingListAccepted
INFO: 
House location:   
Aug 07, 2023 9:08:14 PM sakancomMain.Main showFromHousingListAccepted
INFO: nablus
Aug 07, 2023 9:08:14 PM sakancomMain.Main showFromHousingListAccepted
INFO: 
floor Number :  3 
Aug 07, 2023 9:08:14 PM sakancomMain.Main showFromHousingListAccepted
INFO: 
Apartment Number: 200 
Aug 07, 2023 9:08:14 PM sakancomMain.Main showFromHousingListAccepted
INFO: 
House photo:   
Aug 07, 2023 9:08:14 PM sakancomMain.Main showFromHousingListAccepted
INFO: https://drive.google.com/file/d/1Meeeogiy_F5bCQvhoJB2BepnrxkRkF_P/view?usp=drive_link
Aug 07, 2023 9:08:14 PM sakancomMain.Main showFromHousingListAccepted
INFO: 
House Rent:   1,200
Aug 07, 2023 9:08:14 PM sakancomMain.Main showFromHousingListAccepted
INFO: 
House Services:   
Aug 07, 2023 9:08:14 PM sakancomMain.Main showFromHousingListAccepted
INFO: elevator
Aug 07, 2023 9:08:14 PM sakancomMain.Main showFromHousingListAccepted
INFO: 
Max Number Of Tenant in House :   2
Aug 07, 2023 9:08:14 PM sakancomMain.Main showFromHousingListAccepted
INFO: 
Number Of Bedrooms in House:   3
Aug 07, 2023 9:08:14 PM sakancomMain.Main showFromHousingListAccepted
INFO: 
Number Of Bethrooms in House:   3
Aug 07, 2023 9:08:14 PM sakancomMain.Main showFromHousingListAccepted
INFO: 
Number Of Balcony House:   1
Aug 07, 2023 9:08:14 PM sakancomMain.Main showFromHousingListAccepted
INFO: 
Owner Name to House :   
Aug 07, 2023 9:08:14 PM sakancomMain.Main showFromHousingListAccepted
INFO: ownerOmar11
Aug 07, 2023 9:08:14 PM sakancomMain.Main showFromHousingListAccepted
INFO: 
Owner Phone to House :   
Aug 07, 2023 9:08:14 PM sakancomMain.Main showFromHousingListAccepted
INFO: 0569696345
Aug 07, 2023 9:08:14 PM sakancomMain.Main showFromHousingListAccepted
INFO: 
Owner Email to House :   
Aug 07, 2023 9:08:14 PM sakancomMain.Main showFromHousingListAccepted
INFO: omar.112@gmail.com
Aug 07, 2023 9:08:14 PM sakancomMain.Main showFromHousingListAccepted
INFO: ||||||||||||||||||||||||||||||||||||||||||||||||||||||||||||||||||||||||||||||||||||||||
Aug 07, 2023 9:08:14 PM sakancomMain.Main showFromHousingListAccepted
INFO: 
House Id:  7,200 
Aug 07, 2023 9:08:14 PM sakancomMain.Main showFromHousingListAccepted
INFO: 
Residence Id:   7
Aug 07, 2023 9:08:14 PM sakancomMain.Main showFromHousingListAccepted
INFO: 
Residence Name:   
Aug 07, 2023 9:08:14 PM sakancomMain.Main showFromHousingListAccepted
INFO: alsafa
Aug 07, 2023 9:08:14 PM sakancomMain.Main showFromHousingListAccepted
INFO: 
House location:   
Aug 07, 2023 9:08:14 PM sakancomMain.Main showFromHousingListAccepted
INFO: nablus
Aug 07, 2023 9:08:14 PM sakancomMain.Main showFromHousingListAccepted
INFO: 
floor Number :  3 
Aug 07, 2023 9:08:14 PM sakancomMain.Main showFromHousingListAccepted
INFO: 
Apartment Number: 200 
Aug 07, 2023 9:08:14 PM sakancomMain.Main showFromHousingListAccepted
INFO: 
House photo:   
Aug 07, 2023 9:08:14 PM sakancomMain.Main showFromHousingListAccepted
INFO: https://drive.google.com/file/d/1Meeeogiy_F5bCQvhoJB2BepnrxkRkF_P/view?usp=drive_link
Aug 07, 2023 9:08:14 PM sakancomMain.Main showFromHousingListAccepted
INFO: 
House Rent:   1,200
Aug 07, 2023 9:08:14 PM sakancomMain.Main showFromHousingListAccepted
INFO: 
House Services:   
Aug 07, 2023 9:08:14 PM sakancomMain.Main showFromHousingListAccepted
INFO: elevator
Aug 07, 2023 9:08:14 PM sakancomMain.Main showFromHousingListAccepted
INFO: 
Max Number Of Tenant in House :   2
Aug 07, 2023 9:08:14 PM sakancomMain.Main showFromHousingListAccepted
INFO: 
Number Of Bedrooms in House:   3
Aug 07, 2023 9:08:14 PM sakancomMain.Main showFromHousingListAccepted
INFO: 
Number Of Bethrooms in House:   3
Aug 07, 2023 9:08:14 PM sakancomMain.Main showFromHousingListAccepted
INFO: 
Number Of Balcony House:   1
Aug 07, 2023 9:08:14 PM sakancomMain.Main showFromHousingListAccepted
INFO: 
Owner Name to House :   
Aug 07, 2023 9:08:14 PM sakancomMain.Main showFromHousingListAccepted
INFO: ownerOmar
Aug 07, 2023 9:08:14 PM sakancomMain.Main showFromHousingListAccepted
INFO: 
Owner Phone to House :   
Aug 07, 2023 9:08:14 PM sakancomMain.Main showFromHousingListAccepted
INFO: 0569696345
Aug 07, 2023 9:08:14 PM sakancomMain.Main showFromHousingListAccepted
INFO: 
Owner Email to House :   
Aug 07, 2023 9:08:14 PM sakancomMain.Main showFromHousingListAccepted
INFO: omar.112@gmail.com
Aug 07, 2023 9:08:14 PM sakancomMain.Main showFromHousingListAccepted
INFO: ||||||||||||||||||||||||||||||||||||||||||||||||||||||||||||||||||||||||||||||||||||||||
Aug 07, 2023 9:08:14 PM sakancomMain.Main showFromHousingListAccepted
INFO: 
House Id:  222,002 
Aug 07, 2023 9:08:14 PM sakancomMain.Main showFromHousingListAccepted
INFO: 
Residence Id:   22
Aug 07, 2023 9:08:14 PM sakancomMain.Main showFromHousingListAccepted
INFO: 
Residence Name:   
Aug 07, 2023 9:08:14 PM sakancomMain.Main showFromHousingListAccepted
INFO: alsafa
Aug 07, 2023 9:08:14 PM sakancomMain.Main showFromHousingListAccepted
INFO: 
House location:   
Aug 07, 2023 9:08:14 PM sakancomMain.Main showFromHousingListAccepted
INFO: nablus
Aug 07, 2023 9:08:14 PM sakancomMain.Main showFromHousingListAccepted
INFO: 
floor Number :  3 
Aug 07, 2023 9:08:14 PM sakancomMain.Main showFromHousingListAccepted
INFO: 
Apartment Number: 2,002 
Aug 07, 2023 9:08:14 PM sakancomMain.Main showFromHousingListAccepted
INFO: 
House photo:   
Aug 07, 2023 9:08:14 PM sakancomMain.Main showFromHousingListAccepted
INFO: https://drive.google.com/file/d/1Meeeogiy_F5bCQvhoJB2BepnrxkRkF_P/view?usp=drive_link
Aug 07, 2023 9:08:14 PM sakancomMain.Main showFromHousingListAccepted
INFO: 
House Rent:   1,200
Aug 07, 2023 9:08:14 PM sakancomMain.Main showFromHousingListAccepted
INFO: 
House Services:   
Aug 07, 2023 9:08:14 PM sakancomMain.Main showFromHousingListAccepted
INFO: elevator
Aug 07, 2023 9:08:14 PM sakancomMain.Main showFromHousingListAccepted
INFO: 
Max Number Of Tenant in House :   2
Aug 07, 2023 9:08:14 PM sakancomMain.Main showFromHousingListAccepted
INFO: 
Number Of Bedrooms in House:   3
Aug 07, 2023 9:08:14 PM sakancomMain.Main showFromHousingListAccepted
INFO: 
Number Of Bethrooms in House:   3
Aug 07, 2023 9:08:14 PM sakancomMain.Main showFromHousingListAccepted
INFO: 
Number Of Balcony House:   1
Aug 07, 2023 9:08:14 PM sakancomMain.Main showFromHousingListAccepted
INFO: 
Owner Name to House :   
Aug 07, 2023 9:08:14 PM sakancomMain.Main showFromHousingListAccepted
INFO: ownerOmar11
Aug 07, 2023 9:08:14 PM sakancomMain.Main showFromHousingListAccepted
INFO: 
Owner Phone to House :   
Aug 07, 2023 9:08:14 PM sakancomMain.Main showFromHousingListAccepted
INFO: 0569696345
Aug 07, 2023 9:08:14 PM sakancomMain.Main showFromHousingListAccepted
INFO: 
Owner Email to House :   
Aug 07, 2023 9:08:14 PM sakancomMain.Main showFromHousingListAccepted
INFO: omar.112@gmail.com
Aug 07, 2023 9:08:14 PM sakancomMain.Main showFromHousingListAccepted
INFO: ||||||||||||||||||||||||||||||||||||||||||||||||||||||||||||||||||||||||||||||||||||||||
Aug 07, 2023 9:08:14 PM sakancomMain.Main showFromHousingListAccepted
INFO: 
House Id:  2,200 
Aug 07, 2023 9:08:14 PM sakancomMain.Main showFromHousingListAccepted
INFO: 
Residence Id:   2
Aug 07, 2023 9:08:14 PM sakancomMain.Main showFromHousingListAccepted
INFO: 
Residence Name:   
Aug 07, 2023 9:08:14 PM sakancomMain.Main showFromHousingListAccepted
INFO: alsafa
Aug 07, 2023 9:08:14 PM sakancomMain.Main showFromHousingListAccepted
INFO: 
House location:   
Aug 07, 2023 9:08:14 PM sakancomMain.Main showFromHousingListAccepted
INFO: nablus
Aug 07, 2023 9:08:14 PM sakancomMain.Main showFromHousingListAccepted
INFO: 
floor Number :  3 
Aug 07, 2023 9:08:14 PM sakancomMain.Main showFromHousingListAccepted
INFO: 
Apartment Number: 200 
Aug 07, 2023 9:08:14 PM sakancomMain.Main showFromHousingListAccepted
INFO: 
House photo:   
Aug 07, 2023 9:08:14 PM sakancomMain.Main showFromHousingListAccepted
INFO: https://drive.google.com/file/d/1Meeeogiy_F5bCQvhoJB2BepnrxkRkF_P/view?usp=drive_link
Aug 07, 2023 9:08:14 PM sakancomMain.Main showFromHousingListAccepted
INFO: 
House Rent:   1,200
Aug 07, 2023 9:08:14 PM sakancomMain.Main showFromHousingListAccepted
INFO: 
House Services:   
Aug 07, 2023 9:08:14 PM sakancomMain.Main showFromHousingListAccepted
INFO: elevator
Aug 07, 2023 9:08:14 PM sakancomMain.Main showFromHousingListAccepted
INFO: 
Max Number Of Tenant in House :   2
Aug 07, 2023 9:08:14 PM sakancomMain.Main showFromHousingListAccepted
INFO: 
Number Of Bedrooms in House:   3
Aug 07, 2023 9:08:14 PM sakancomMain.Main showFromHousingListAccepted
INFO: 
Number Of Bethrooms in House:   3
Aug 07, 2023 9:08:14 PM sakancomMain.Main showFromHousingListAccepted
INFO: 
Number Of Balcony House:   1
Aug 07, 2023 9:08:14 PM sakancomMain.Main showFromHousingListAccepted
INFO: 
Owner Name to House :   
Aug 07, 2023 9:08:14 PM sakancomMain.Main showFromHousingListAccepted
INFO: ownerOmar
Aug 07, 2023 9:08:14 PM sakancomMain.Main showFromHousingListAccepted
INFO: 
Owner Phone to House :   
Aug 07, 2023 9:08:14 PM sakancomMain.Main showFromHousingListAccepted
INFO: 0569696345
Aug 07, 2023 9:08:14 PM sakancomMain.Main showFromHousingListAccepted
INFO: 
Owner Email to House :   
Aug 07, 2023 9:08:14 PM sakancomMain.Main showFromHousingListAccepted
INFO: omar.112@gmail.com
Aug 07, 2023 9:08:14 PM sakancomMain.Main showFromHousingListAccepted
INFO: ||||||||||||||||||||||||||||||||||||||||||||||||||||||||||||||||||||||||||||||||||||||||
]]></system-err>
  </testcase>
  <testcase name="If the tenant requests to reserve an apartment and there is room in this apartment" classname="If the tenant requests to reserve an apartment and there is room in this apartment" time="0.006">
    <system-err><![CDATA[Aug 07, 2023 9:08:14 PM sakancomMain.Main bookAccommodation
INFO: The apartment has been booked
Aug 07, 2023 9:08:14 PM sakancomMain.Main bookAccommodation
INFO: The apartment has been booked
]]></system-err>
  </testcase>
  <testcase name="If the tenant requests to book an apartment and there is no space in this apartment" classname="If the tenant requests to reserve an apartment and there is room in this apartment" time="0.006">
    <system-err><![CDATA[Aug 07, 2023 9:08:14 PM sakancomMain.Main bookAccommodation
INFO: The apartment has been booked
Aug 07, 2023 9:08:14 PM sakancomMain.Main bookAccommodation
INFO: This house is Unavailable
Aug 07, 2023 9:08:14 PM sakancomMain.Main bookAccommodation
INFO: The apartment has been booked
Aug 07, 2023 9:08:14 PM sakancomMain.Main bookAccommodation
INFO: This house is Unavailable
Aug 07, 2023 9:08:14 PM sakancomMain.Main bookAccommodation
INFO: The apartment has been booked
Aug 07, 2023 9:08:14 PM sakancomMain.Main bookAccommodation
INFO: This house is Unavailable
Aug 07, 2023 9:08:14 PM sakancomMain.Main bookAccommodation
INFO: The apartment has been booked
Aug 07, 2023 9:08:14 PM sakancomMain.Main bookAccommodation
INFO: This house is Unavailable
]]></system-err>
  </testcase>
  <testcase name="when tenant request own Control Panel." classname="Control Panel for tenant" time="0.009">
    <system-err><![CDATA[Aug 07, 2023 9:08:14 PM sakancomMain.Main tenantCpanel
INFO: your name : 
Aug 07, 2023 9:08:14 PM sakancomMain.Main tenantCpanel
INFO: tenantNajeh451
Aug 07, 2023 9:08:14 PM sakancomMain.Main tenantCpanel
INFO: your phone : 
Aug 07, 2023 9:08:14 PM sakancomMain.Main tenantCpanel
INFO: 05999999
Aug 07, 2023 9:08:14 PM sakancomMain.Main tenantCpanel
INFO: your age :  19 
Aug 07, 2023 9:08:14 PM sakancomMain.Main tenantCpanel
INFO: your majer : 
Aug 07, 2023 9:08:14 PM sakancomMain.Main tenantCpanel
INFO: Comuter Engineering
Aug 07, 2023 9:08:14 PM sakancomMain.Main tenantCpanel
INFO: your furniture : 
Aug 07, 2023 9:08:14 PM sakancomMain.Main tenantCpanel
INFO: 
Aug 07, 2023 9:08:14 PM sakancomMain.Main tenantCpanel
INFO: The apartment number booked in your name is : 43  
Aug 07, 2023 9:08:14 PM sakancomMain.Main tenantCpanel
INFO: The owner Name is   : 
Aug 07, 2023 9:08:14 PM sakancomMain.Main tenantCpanel
INFO: ownerOmar11
Aug 07, 2023 9:08:14 PM sakancomMain.Main tenantCpanel
INFO: The owner Phone is  : 
Aug 07, 2023 9:08:14 PM sakancomMain.Main tenantCpanel
INFO: 0569696345
Aug 07, 2023 9:08:14 PM sakancomMain.Main tenantCpanel
INFO: The owner Email is  : 
Aug 07, 2023 9:08:14 PM sakancomMain.Main tenantCpanel
INFO: omar.112@gmail.com
Aug 07, 2023 9:08:14 PM sakancomMain.Main tenantCpanel
INFO: The Residence Id is  : 4
Aug 07, 2023 9:08:14 PM sakancomMain.Main tenantCpanel
INFO: The Rent is  :1,200 
Aug 07, 2023 9:08:14 PM sakancomMain.Main tenantCpanel
INFO: Please pay the rent within the next month.
Aug 07, 2023 9:08:14 PM sakancomMain.Main tenantCpanel
INFO: ||||||||||||||||||||||||||||||||||||||||||||
]]></system-err>
  </testcase>
  <testcase name="when  the tenant want to show his furniture" classname="show furniture." time="0.007">
    <system-err><![CDATA[Aug 07, 2023 9:08:15 PM sakancomMain.Main showUsedFurniture
INFO: I have this used furniture for sale at good prices :

Aug 07, 2023 9:08:15 PM sakancomMain.Main showUsedFurniture
INFO: bed 100
Aug 07, 2023 9:08:15 PM sakancomMain.Main showUsedFurniture
INFO: I have this used furniture for sale at good prices :

Aug 07, 2023 9:08:15 PM sakancomMain.Main showUsedFurniture
INFO: bed 100
Aug 07, 2023 9:08:15 PM sakancomMain.Main showUsedFurniture
INFO: I have this used furniture for sale at good prices :

Aug 07, 2023 9:08:15 PM sakancomMain.Main showUsedFurniture
INFO: bed 100
]]></system-err>
  </testcase>
  <testcase name="" classname="show furniture." time="0.007">
    <system-err><![CDATA[Aug 07, 2023 9:08:15 PM sakancomMain.Main showUsedFurniture
INFO: I dont have any used furniture for sale 

Aug 07, 2023 9:08:15 PM sakancomMain.Main showUsedFurniture
INFO: I dont have any used furniture for sale 

]]></system-err>
  </testcase>
  <testcase name="when Tenant request informayion about the people who live in it." classname="add housing #2" time="0.02">
    <system-err><![CDATA[Aug 07, 2023 9:08:15 PM sakancomMain.Main ifTenIsStudent
INFO: *********Student Neighbors Information:*********
Aug 07, 2023 9:08:15 PM sakancomMain.Main ifTenIsStudent
INFO: Student Name:
Aug 07, 2023 9:08:15 PM sakancomMain.Main ifTenIsStudent
INFO: tenantNajeh43
Aug 07, 2023 9:08:15 PM sakancomMain.Main ifTenIsStudent
INFO: Student phone:
Aug 07, 2023 9:08:15 PM sakancomMain.Main ifTenIsStudent
INFO: tenantNajeh43
Aug 07, 2023 9:08:15 PM sakancomMain.Main ifTenIsStudent
INFO: Student age:21
Aug 07, 2023 9:08:15 PM sakancomMain.Main ifTenIsStudent
INFO: Student majer:
Aug 07, 2023 9:08:15 PM sakancomMain.Main ifTenIsStudent
INFO: tenantNajeh43
Aug 07, 2023 9:08:15 PM sakancomMain.Main ifTenIsStudent
INFO: *********Student Neighbors Information:*********
Aug 07, 2023 9:08:15 PM sakancomMain.Main ifTenIsStudent
INFO: Student Name:
Aug 07, 2023 9:08:15 PM sakancomMain.Main ifTenIsStudent
INFO: tenantNajeh42
Aug 07, 2023 9:08:15 PM sakancomMain.Main ifTenIsStudent
INFO: Student phone:
Aug 07, 2023 9:08:15 PM sakancomMain.Main ifTenIsStudent
INFO: tenantNajeh42
Aug 07, 2023 9:08:15 PM sakancomMain.Main ifTenIsStudent
INFO: Student age:20
Aug 07, 2023 9:08:15 PM sakancomMain.Main ifTenIsStudent
INFO: Student majer:
Aug 07, 2023 9:08:15 PM sakancomMain.Main ifTenIsStudent
INFO: tenantNajeh42
Aug 07, 2023 9:08:15 PM sakancomMain.Main ifTenIsStudent
INFO: *********Student Neighbors Information:*********
Aug 07, 2023 9:08:15 PM sakancomMain.Main ifTenIsStudent
INFO: Student Name:
Aug 07, 2023 9:08:15 PM sakancomMain.Main ifTenIsStudent
INFO: tenantNajeh451
Aug 07, 2023 9:08:15 PM sakancomMain.Main ifTenIsStudent
INFO: Student phone:
Aug 07, 2023 9:08:15 PM sakancomMain.Main ifTenIsStudent
INFO: tenantNajeh451
Aug 07, 2023 9:08:15 PM sakancomMain.Main ifTenIsStudent
INFO: Student age:19
Aug 07, 2023 9:08:15 PM sakancomMain.Main ifTenIsStudent
INFO: Student majer:
Aug 07, 2023 9:08:15 PM sakancomMain.Main ifTenIsStudent
INFO: tenantNajeh451
Aug 07, 2023 9:08:15 PM sakancomMain.Main ifTenIsStudent
INFO: *********Student Neighbors Information:*********
Aug 07, 2023 9:08:15 PM sakancomMain.Main ifTenIsStudent
INFO: Student Name:
Aug 07, 2023 9:08:15 PM sakancomMain.Main ifTenIsStudent
INFO: tenantNajeh43
Aug 07, 2023 9:08:15 PM sakancomMain.Main ifTenIsStudent
INFO: Student phone:
Aug 07, 2023 9:08:15 PM sakancomMain.Main ifTenIsStudent
INFO: tenantNajeh43
Aug 07, 2023 9:08:15 PM sakancomMain.Main ifTenIsStudent
INFO: Student age:21
Aug 07, 2023 9:08:15 PM sakancomMain.Main ifTenIsStudent
INFO: Student majer:
Aug 07, 2023 9:08:15 PM sakancomMain.Main ifTenIsStudent
INFO: tenantNajeh43
Aug 07, 2023 9:08:15 PM sakancomMain.Main ifTenIsStudent
INFO: *********Student Neighbors Information:*********
Aug 07, 2023 9:08:15 PM sakancomMain.Main ifTenIsStudent
INFO: Student Name:
Aug 07, 2023 9:08:15 PM sakancomMain.Main ifTenIsStudent
INFO: tenantNajeh42
Aug 07, 2023 9:08:15 PM sakancomMain.Main ifTenIsStudent
INFO: Student phone:
Aug 07, 2023 9:08:15 PM sakancomMain.Main ifTenIsStudent
INFO: tenantNajeh42
Aug 07, 2023 9:08:15 PM sakancomMain.Main ifTenIsStudent
INFO: Student age:20
Aug 07, 2023 9:08:15 PM sakancomMain.Main ifTenIsStudent
INFO: Student majer:
Aug 07, 2023 9:08:15 PM sakancomMain.Main ifTenIsStudent
INFO: tenantNajeh42
Aug 07, 2023 9:08:15 PM sakancomMain.Main ifTenIsStudent
INFO: *********Student Neighbors Information:*********
Aug 07, 2023 9:08:15 PM sakancomMain.Main ifTenIsStudent
INFO: Student Name:
Aug 07, 2023 9:08:15 PM sakancomMain.Main ifTenIsStudent
INFO: tenantNajeh43
Aug 07, 2023 9:08:15 PM sakancomMain.Main ifTenIsStudent
INFO: Student phone:
Aug 07, 2023 9:08:15 PM sakancomMain.Main ifTenIsStudent
INFO: tenantNajeh43
Aug 07, 2023 9:08:15 PM sakancomMain.Main ifTenIsStudent
INFO: Student age:21
Aug 07, 2023 9:08:15 PM sakancomMain.Main ifTenIsStudent
INFO: Student majer:
Aug 07, 2023 9:08:15 PM sakancomMain.Main ifTenIsStudent
INFO: tenantNajeh43
Aug 07, 2023 9:08:15 PM sakancomMain.Main ifTenIsStudent
INFO: *********Student Neighbors Information:*********
Aug 07, 2023 9:08:15 PM sakancomMain.Main ifTenIsStudent
INFO: Student Name:
Aug 07, 2023 9:08:15 PM sakancomMain.Main ifTenIsStudent
INFO: tenantNajeh42
Aug 07, 2023 9:08:15 PM sakancomMain.Main ifTenIsStudent
INFO: Student phone:
Aug 07, 2023 9:08:15 PM sakancomMain.Main ifTenIsStudent
INFO: tenantNajeh42
Aug 07, 2023 9:08:15 PM sakancomMain.Main ifTenIsStudent
INFO: Student age:20
Aug 07, 2023 9:08:15 PM sakancomMain.Main ifTenIsStudent
INFO: Student majer:
Aug 07, 2023 9:08:15 PM sakancomMain.Main ifTenIsStudent
INFO: tenantNajeh42
Aug 07, 2023 9:08:15 PM sakancomMain.Main ifTenIsStudent
INFO: *********Student Neighbors Information:*********
Aug 07, 2023 9:08:15 PM sakancomMain.Main ifTenIsStudent
INFO: Student Name:
Aug 07, 2023 9:08:15 PM sakancomMain.Main ifTenIsStudent
INFO: tenantNajeh451
Aug 07, 2023 9:08:15 PM sakancomMain.Main ifTenIsStudent
INFO: Student phone:
Aug 07, 2023 9:08:15 PM sakancomMain.Main ifTenIsStudent
INFO: tenantNajeh451
Aug 07, 2023 9:08:15 PM sakancomMain.Main ifTenIsStudent
INFO: Student age:19
Aug 07, 2023 9:08:15 PM sakancomMain.Main ifTenIsStudent
INFO: Student majer:
Aug 07, 2023 9:08:15 PM sakancomMain.Main ifTenIsStudent
INFO: tenantNajeh451
Aug 07, 2023 9:08:15 PM sakancomMain.Main ifTenIsStudent
INFO: *********Student Neighbors Information:*********
Aug 07, 2023 9:08:15 PM sakancomMain.Main ifTenIsStudent
INFO: Student Name:
Aug 07, 2023 9:08:15 PM sakancomMain.Main ifTenIsStudent
INFO: tenantNajeh43
Aug 07, 2023 9:08:15 PM sakancomMain.Main ifTenIsStudent
INFO: Student phone:
Aug 07, 2023 9:08:15 PM sakancomMain.Main ifTenIsStudent
INFO: tenantNajeh43
Aug 07, 2023 9:08:15 PM sakancomMain.Main ifTenIsStudent
INFO: Student age:21
Aug 07, 2023 9:08:15 PM sakancomMain.Main ifTenIsStudent
INFO: Student majer:
Aug 07, 2023 9:08:15 PM sakancomMain.Main ifTenIsStudent
INFO: tenantNajeh43
Aug 07, 2023 9:08:15 PM sakancomMain.Main ifTenIsStudent
INFO: *********Student Neighbors Information:*********
Aug 07, 2023 9:08:15 PM sakancomMain.Main ifTenIsStudent
INFO: Student Name:
Aug 07, 2023 9:08:15 PM sakancomMain.Main ifTenIsStudent
INFO: tenantNajeh42
Aug 07, 2023 9:08:15 PM sakancomMain.Main ifTenIsStudent
INFO: Student phone:
Aug 07, 2023 9:08:15 PM sakancomMain.Main ifTenIsStudent
INFO: tenantNajeh42
Aug 07, 2023 9:08:15 PM sakancomMain.Main ifTenIsStudent
INFO: Student age:20
Aug 07, 2023 9:08:15 PM sakancomMain.Main ifTenIsStudent
INFO: Student majer:
Aug 07, 2023 9:08:15 PM sakancomMain.Main ifTenIsStudent
INFO: tenantNajeh42
Aug 07, 2023 9:08:15 PM sakancomMain.Main ifTenIsStudent
INFO: *********Student Neighbors Information:*********
Aug 07, 2023 9:08:15 PM sakancomMain.Main ifTenIsStudent
INFO: Student Name:
Aug 07, 2023 9:08:15 PM sakancomMain.Main ifTenIsStudent
INFO: tenantNajeh43
Aug 07, 2023 9:08:15 PM sakancomMain.Main ifTenIsStudent
INFO: Student phone:
Aug 07, 2023 9:08:15 PM sakancomMain.Main ifTenIsStudent
INFO: tenantNajeh43
Aug 07, 2023 9:08:15 PM sakancomMain.Main ifTenIsStudent
INFO: Student age:21
Aug 07, 2023 9:08:15 PM sakancomMain.Main ifTenIsStudent
INFO: Student majer:
Aug 07, 2023 9:08:15 PM sakancomMain.Main ifTenIsStudent
INFO: tenantNajeh43
Aug 07, 2023 9:08:15 PM sakancomMain.Main ifTenIsStudent
INFO: *********Student Neighbors Information:*********
Aug 07, 2023 9:08:15 PM sakancomMain.Main ifTenIsStudent
INFO: Student Name:
Aug 07, 2023 9:08:15 PM sakancomMain.Main ifTenIsStudent
INFO: tenantNajeh42
Aug 07, 2023 9:08:15 PM sakancomMain.Main ifTenIsStudent
INFO: Student phone:
Aug 07, 2023 9:08:15 PM sakancomMain.Main ifTenIsStudent
INFO: tenantNajeh42
Aug 07, 2023 9:08:15 PM sakancomMain.Main ifTenIsStudent
INFO: Student age:20
Aug 07, 2023 9:08:15 PM sakancomMain.Main ifTenIsStudent
INFO: Student majer:
Aug 07, 2023 9:08:15 PM sakancomMain.Main ifTenIsStudent
INFO: tenantNajeh42
Aug 07, 2023 9:08:15 PM sakancomMain.Main ifTenIsStudent
INFO: *********Student Neighbors Information:*********
Aug 07, 2023 9:08:15 PM sakancomMain.Main ifTenIsStudent
INFO: Student Name:
Aug 07, 2023 9:08:15 PM sakancomMain.Main ifTenIsStudent
INFO: tenantNajeh451
Aug 07, 2023 9:08:15 PM sakancomMain.Main ifTenIsStudent
INFO: Student phone:
Aug 07, 2023 9:08:15 PM sakancomMain.Main ifTenIsStudent
INFO: tenantNajeh451
Aug 07, 2023 9:08:15 PM sakancomMain.Main ifTenIsStudent
INFO: Student age:19
Aug 07, 2023 9:08:15 PM sakancomMain.Main ifTenIsStudent
INFO: Student majer:
Aug 07, 2023 9:08:15 PM sakancomMain.Main ifTenIsStudent
INFO: tenantNajeh451
Aug 07, 2023 9:08:15 PM sakancomMain.Main ifTenIsStudent
INFO: *********Student Neighbors Information:*********
Aug 07, 2023 9:08:15 PM sakancomMain.Main ifTenIsStudent
INFO: Student Name:
Aug 07, 2023 9:08:15 PM sakancomMain.Main ifTenIsStudent
INFO: tenantNajeh43
Aug 07, 2023 9:08:15 PM sakancomMain.Main ifTenIsStudent
INFO: Student phone:
Aug 07, 2023 9:08:15 PM sakancomMain.Main ifTenIsStudent
INFO: tenantNajeh43
Aug 07, 2023 9:08:15 PM sakancomMain.Main ifTenIsStudent
INFO: Student age:21
Aug 07, 2023 9:08:15 PM sakancomMain.Main ifTenIsStudent
INFO: Student majer:
Aug 07, 2023 9:08:15 PM sakancomMain.Main ifTenIsStudent
INFO: tenantNajeh43
Aug 07, 2023 9:08:15 PM sakancomMain.Main ifTenIsStudent
INFO: *********Student Neighbors Information:*********
Aug 07, 2023 9:08:15 PM sakancomMain.Main ifTenIsStudent
INFO: Student Name:
Aug 07, 2023 9:08:15 PM sakancomMain.Main ifTenIsStudent
INFO: tenantNajeh42
Aug 07, 2023 9:08:15 PM sakancomMain.Main ifTenIsStudent
INFO: Student phone:
Aug 07, 2023 9:08:15 PM sakancomMain.Main ifTenIsStudent
INFO: tenantNajeh42
Aug 07, 2023 9:08:15 PM sakancomMain.Main ifTenIsStudent
INFO: Student age:20
Aug 07, 2023 9:08:15 PM sakancomMain.Main ifTenIsStudent
INFO: Student majer:
Aug 07, 2023 9:08:15 PM sakancomMain.Main ifTenIsStudent
INFO: tenantNajeh42
]]></system-err>
  </testcase>
</testsuite>