<?xml version="1.0" encoding="UTF-8"?>
<testsuite xmlns:xsi="http://www.w3.org/2001/XMLSchema-instance" xsi:noNamespaceSchemaLocation="https://maven.apache.org/surefire/maven-surefire-plugin/xsd/surefire-test-report-3.0.xsd" version="3.0" name="sakancom.AcceptanceTest" time="0.794" tests="15" errors="2" skipped="0" failures="4">
  <properties>
[...]
</properties>
  <testcase name="when admins request to see the available housing." classname="View the available housing" time="0.098"/>
  <testcase name="when  (acceptance)admins request to see advertisement of housing ." classname="Scenes of requests for advertisement of housing and the ability to accept and reject it." time="0.041">
    <error message="The step &apos;Advertisement of housing&apos; and 2 other step(s) are undefined.&#10;You can implement these steps using the snippet(s) below:&#10;&#10;@Given(&quot;Advertisement of housing&quot;)&#10;public void advertisementOfHousing() {&#10;    // Write code here that turns the phrase above into concrete actions&#10;    throw new io.cucumber.java.PendingException();&#10;}&#10;@When(&quot;Admin acceptance of the owners request to view the house&quot;)&#10;public void adminAcceptanceOfTheOwnersRequestToViewTheHouse() {&#10;    // Write code here that turns the phrase above into concrete actions&#10;    throw new io.cucumber.java.PendingException();&#10;}&#10;@Then(&quot;add house in ads and delete house from ad requests.&quot;)&#10;public void addHouseInAdsAndDeleteHouseFromAdRequests() {&#10;    // Write code here that turns the phrase above into concrete actions&#10;    throw new io.cucumber.java.PendingException();&#10;}&#10;" type="io.cucumber.junit.UndefinedStepException"><![CDATA[io.cucumber.junit.UndefinedStepException: 
The step 'Advertisement of housing' and 2 other step(s) are undefined.
You can implement these steps using the snippet(s) below:

@Given("Advertisement of housing")
public void advertisementOfHousing() {
    // Write code here that turns the phrase above into concrete actions
    throw new io.cucumber.java.PendingException();
}
@When("Admin acceptance of the owners request to view the house")
public void adminAcceptanceOfTheOwnersRequestToViewTheHouse() {
    // Write code here that turns the phrase above into concrete actions
    throw new io.cucumber.java.PendingException();
}
@Then("add house in ads and delete house from ad requests.")
public void addHouseInAdsAndDeleteHouseFromAdRequests() {
    // Write code here that turns the phrase above into concrete actions
    throw new io.cucumber.java.PendingException();
}

]]></error>
  </testcase>
  <testcase name="when (reject)admins request to see advertisement of housing ." classname="Scenes of requests for advertisement of housing and the ability to accept and reject it." time="0.009">
    <error message="The step &apos;Advertisement of housing&apos; and 2 other step(s) are undefined.&#10;You can implement these steps using the snippet(s) below:&#10;&#10;@Given(&quot;Advertisement of housing&quot;)&#10;public void advertisementOfHousing() {&#10;    // Write code here that turns the phrase above into concrete actions&#10;    throw new io.cucumber.java.PendingException();&#10;}&#10;@When(&quot;Admin reject of the owners request to view the house&quot;)&#10;public void adminRejectOfTheOwnersRequestToViewTheHouse() {&#10;    // Write code here that turns the phrase above into concrete actions&#10;    throw new io.cucumber.java.PendingException();&#10;}&#10;@Then(&quot;Delete home from ad requests&quot;)&#10;public void deleteHomeFromAdRequests() {&#10;    // Write code here that turns the phrase above into concrete actions&#10;    throw new io.cucumber.java.PendingException();&#10;}&#10;" type="io.cucumber.junit.UndefinedStepException"><![CDATA[io.cucumber.junit.UndefinedStepException: 
The step 'Advertisement of housing' and 2 other step(s) are undefined.
You can implement these steps using the snippet(s) below:

@Given("Advertisement of housing")
public void advertisementOfHousing() {
    // Write code here that turns the phrase above into concrete actions
    throw new io.cucumber.java.PendingException();
}
@When("Admin reject of the owners request to view the house")
public void adminRejectOfTheOwnersRequestToViewTheHouse() {
    // Write code here that turns the phrase above into concrete actions
    throw new io.cucumber.java.PendingException();
}
@Then("Delete home from ad requests")
public void deleteHomeFromAdRequests() {
    // Write code here that turns the phrase above into concrete actions
    throw new io.cucumber.java.PendingException();
}

]]></error>
  </testcase>
  <testcase name="when owner request to add housing. #1" classname="add housing" time="0.015">
    <system-out><![CDATA[your housing has been added successfully
please sign up!
]]></system-out>
  </testcase>
  <testcase name="when owner request to add housing. #2" classname="add housing" time="0.006">
    <system-out><![CDATA[this housing is already exist
please sign up!
]]></system-out>
  </testcase>
  <testcase name="owner True-&gt; uname and True-&gt; password" classname="Login" time="0.011">
    <failure type="java.lang.AssertionError"><![CDATA[java.lang.AssertionError
	at org.junit.Assert.fail(Assert.java:87)
	at org.junit.Assert.assertTrue(Assert.java:42)
	at org.junit.Assert.assertTrue(Assert.java:53)
	at sakancom.login_test.i_can_log_in_the_system_as_an_owner_and_the_owner_menu_will_appear(login_test.java:47)
	at ✽.i can log in the system as an owner and The owner menu will appear(file:///C:/Users/jomaa/Downloads/sakancom/sakancom/Use_Cases/provided/login.feature:6)
]]></failure>
  </testcase>
  <testcase name="owner True-&gt; uname and False-&gt; password" classname="Login" time="0.005"/>
  <testcase name="owner False-&gt; uname" classname="Login" time="0.006"/>
  <testcase name="admin True-&gt; uname and True-&gt; password" classname="Login" time="0.005">
    <failure type="java.lang.AssertionError"><![CDATA[java.lang.AssertionError
	at org.junit.Assert.fail(Assert.java:87)
	at org.junit.Assert.assertTrue(Assert.java:42)
	at org.junit.Assert.assertTrue(Assert.java:53)
	at sakancom.login_test.i_can_log_in_the_system_as_an_admin_and_the_owner_menu_will_appear(login_test.java:97)
	at ✽.i can log in the system as an admin and The owner menu will appear(file:///C:/Users/jomaa/Downloads/sakancom/sakancom/Use_Cases/provided/login.feature:16)
]]></failure>
  </testcase>
  <testcase name="admin True-&gt; uname and False-&gt; password" classname="Login" time="0.007"/>
  <testcase name="admin False-&gt; uname" classname="Login" time="0.005"/>
  <testcase name="tenant True-&gt; uname and True-&gt; password" classname="Login" time="0.011">
    <failure type="java.lang.AssertionError"><![CDATA[java.lang.AssertionError
	at org.junit.Assert.fail(Assert.java:87)
	at org.junit.Assert.assertTrue(Assert.java:42)
	at org.junit.Assert.assertTrue(Assert.java:53)
	at sakancom.login_test.i_can_log_in_the_system_as_an_tenant_and_the_owner_menu_will_appear(login_test.java:127)
	at ✽.i can log in the system as an tenant and The owner menu will appear(file:///C:/Users/jomaa/Downloads/sakancom/sakancom/Use_Cases/provided/login.feature:26)
]]></failure>
  </testcase>
  <testcase name="tenant True-&gt; uname and False-&gt; password" classname="Login" time="0.005"/>
  <testcase name="tenant False-&gt; uname" classname="Login" time="0.01"/>
  <testcase name="Decid what the role from the username" classname="Login" time="0.005">
    <failure type="java.lang.AssertionError"><![CDATA[java.lang.AssertionError
	at org.junit.Assert.fail(Assert.java:87)
	at org.junit.Assert.assertTrue(Assert.java:42)
	at org.junit.Assert.assertTrue(Assert.java:53)
	at sakancom.login_test.then_no_menu_will_appear(login_test.java:158)
	at ✽.then no menu will appear(file:///C:/Users/jomaa/Downloads/sakancom/sakancom/Use_Cases/provided/login.feature:36)
]]></failure>
  </testcase>
</testsuite>